#
# There is insufficient memory for the Java Runtime Environment to continue.
# Native memory allocation (mmap) failed to map 268435456 bytes for G1 virtual space
# Possible reasons:
#   The system is out of physical RAM or swap space
#   The process is running with CompressedOops enabled, and the Java Heap may be blocking the growth of the native heap
# Possible solutions:
#   Reduce memory load on the system
#   Increase physical memory or swap space
#   Check if swap backing store is full
#   Decrease Java heap size (-Xmx/-Xms)
#   Decrease number of Java threads
#   Decrease Java thread stack sizes (-Xss)
#   Set larger code cache with -XX:ReservedCodeCacheSize=
#   JVM is running with Zero Based Compressed Oops mode in which the Java heap is
#     placed in the first 32GB address space. The Java Heap base address is the
#     maximum limit for the native heap growth. Please use -XX:HeapBaseMinAddress
#     to set the Java Heap base and to place the Java Heap above 32GB virtual address.
# This output file may be truncated or incomplete.
#
#  Out of Memory Error (os_windows.cpp:3466), pid=7508, tid=14432
#
# JRE version:  (16.0.1+9) (build )
# Java VM: Java HotSpot(TM) 64-Bit Server VM (16.0.1+9-24, mixed mode, sharing, tiered, compressed oops, compressed class ptrs, g1 gc, windows-amd64)
# No core dump will be written. Minidumps are not enabled by default on client versions of Windows
#

---------------  S U M M A R Y ------------

Command Line: -agentlib:jdwp=transport=dt_socket,server=n,suspend=y,address=localhost:50768 -XX:+ShowCodeDetailsInExceptionMessages cetus.exec.Driver -alias=2 -Program-analysis ./NPB3.3-SER-C/CG/cg.c

Host: Intel(R) Core(TM) i7-8550U CPU @ 1.80GHz, 8 cores, 15G,  Windows 10 , 64 bit Build 22000 (10.0.22000.1219)
Time: Tue Nov 22 22:21:20 2022 Hora estándar del Este elapsed time: 0.041953 seconds (0d 0h 0m 0s)

---------------  T H R E A D  ---------------

Current thread (0x00000226cb18a700):  JavaThread "Unknown thread" [_thread_in_vm, id=14432, stack(0x0000007374b00000,0x0000007374c00000)]

Stack: [0x0000007374b00000,0x0000007374c00000]
Native frames: (J=compiled Java code, j=interpreted, Vv=VM code, C=native code)
V  [jvm.dll+0x6687ca]
V  [jvm.dll+0x7ca3c9]
V  [jvm.dll+0x7cbb53]
V  [jvm.dll+0x7cc1b3]
V  [jvm.dll+0x242ea5]
V  [jvm.dll+0x665589]
V  [jvm.dll+0x65a175]
V  [jvm.dll+0x2fc5ab]
V  [jvm.dll+0x3037a6]
V  [jvm.dll+0x352fee]
V  [jvm.dll+0x35321f]
V  [jvm.dll+0x2d3618]
V  [jvm.dll+0x2d4854]
V  [jvm.dll+0x79ccb1]
V  [jvm.dll+0x360de1]
V  [jvm.dll+0x77a990]
V  [jvm.dll+0x3e55af]
V  [jvm.dll+0x3e7081]
C  [jli.dll+0x52fb]
C  [ucrtbase.dll+0x26c0c]
C  [KERNEL32.DLL+0x15550]
C  [ntdll.dll+0x485b]


---------------  P R O C E S S  ---------------

Threads class SMR info:
_java_thread_list=0x00007ffe5d15cbb8, length=0, elements={
}

Java Threads: ( => current thread )

Other Threads:
  0x00000226cb1d9ee0 GCTaskThread "GC Thread#0" [stack: 0x0000007374c00000,0x0000007374d00000] [id=20708]
  0x00000226cb1ebd00 ConcurrentGCThread "G1 Main Marker" [stack: 0x0000007374d00000,0x0000007374e00000] [id=20728]
  0x00000226cb1ec8b0 ConcurrentGCThread "G1 Conc#0" [stack: 0x0000007374e00000,0x0000007374f00000] [id=11296]

[error occurred during error reporting (printing all threads), id 0xc0000005, EXCEPTION_ACCESS_VIOLATION (0xc0000005) at pc=0x00007ffe5c9344d7]

VM state: not at safepoint (not fully initialized)

VM Mutex/Monitor currently owned by a thread:  ([mutex/lock_event])
[0x00000226cb185680] Heap_lock - owner thread: 0x00000226cb18a700

Heap address: 0x0000000701400000, size: 4076 MB, Compressed Oops mode: Zero based, Oop shift amount: 3

CDS archive(s) mapped at: [0x0000000000000000-0x0000000000000000-0x0000000000000000), size 0, SharedBaseAddress: 0x0000000800000000, ArchiveRelocationMode: 0.
Narrow klass base: 0x0000000000000000, Narrow klass shift: 0, Narrow klass range: 0x0

GC Precious Log:
<Empty>

Heap:
 garbage-first heap   total 0K, used 0K [0x0000000701400000, 0x0000000800000000)
  region size 2048K, 0 young (0K), 0 survivors (0K)

[error occurred during error reporting (printing heap information), id 0xc0000005, EXCEPTION_ACCESS_VIOLATION (0xc0000005) at pc=0x00007ffe5cd124ed]

GC Heap History (0 events):
No events

Deoptimization events (0 events):
No events

Classes unloaded (0 events):
No events

Classes redefined (0 events):
No events

Internal exceptions (0 events):
No events

Events (1 events):
Event: 0.020 Loaded shared library C:\Program Files\Java\jdk-16.0.1\bin\java.dll


Dynamic libraries:
0x00007ff766590000 - 0x00007ff7665a0000 	C:\Program Files\Java\jdk-16.0.1\bin\java.exe
0x00007ffee6980000 - 0x00007ffee6b89000 	C:\windows\SYSTEM32\ntdll.dll
0x00007ffeaa190000 - 0x00007ffeaa1a7000 	C:\Program Files\Avast Software\Avast\aswhook.dll
0x00007ffee4800000 - 0x00007ffee48be000 	C:\windows\System32\KERNEL32.DLL
0x00007ffee4180000 - 0x00007ffee44fb000 	C:\windows\System32\KERNELBASE.dll
0x00007ffee3ef0000 - 0x00007ffee4001000 	C:\windows\System32\ucrtbase.dll
0x00007ffeae0c0000 - 0x00007ffeae0d8000 	C:\Program Files\Java\jdk-16.0.1\bin\jli.dll
0x00007ffeac2e0000 - 0x00007ffeac2f9000 	C:\Program Files\Java\jdk-16.0.1\bin\VCRUNTIME140.dll
0x00007ffee67d0000 - 0x00007ffee687e000 	C:\windows\System32\ADVAPI32.dll
0x00007ffee4d10000 - 0x00007ffee4db3000 	C:\windows\System32\msvcrt.dll
0x00007ffee6880000 - 0x00007ffee691e000 	C:\windows\System32\sechost.dll
0x00007ffee5570000 - 0x00007ffee5690000 	C:\windows\System32\RPCRT4.dll
0x00007ffee64e0000 - 0x00007ffee668d000 	C:\windows\System32\USER32.dll
0x00007ffecc5d0000 - 0x00007ffecc875000 	C:\windows\WinSxS\amd64_microsoft.windows.common-controls_6595b64144ccf1df_6.0.22000.120_none_9d947278b86cc467\COMCTL32.dll
0x00007ffee4150000 - 0x00007ffee4176000 	C:\windows\System32\win32u.dll
0x00007ffee6330000 - 0x00007ffee6359000 	C:\windows\System32\GDI32.dll
0x00007ffee4500000 - 0x00007ffee4618000 	C:\windows\System32\gdi32full.dll
0x00007ffee3e50000 - 0x00007ffee3eed000 	C:\windows\System32\msvcp_win.dll
0x00007ffede640000 - 0x00007ffede64a000 	C:\windows\SYSTEM32\VERSION.dll
0x00007ffee5440000 - 0x00007ffee5472000 	C:\windows\System32\IMM32.DLL
0x00007ffec5fe0000 - 0x00007ffec5fec000 	C:\Program Files\Java\jdk-16.0.1\bin\vcruntime140_1.dll
0x00007ffe8e950000 - 0x00007ffe8e9e1000 	C:\Program Files\Java\jdk-16.0.1\bin\msvcp140.dll
0x00007ffe5c650000 - 0x00007ffe5d1fb000 	C:\Program Files\Java\jdk-16.0.1\bin\server\jvm.dll
0x00007ffee6450000 - 0x00007ffee6458000 	C:\windows\System32\PSAPI.DLL
0x00007ffed0700000 - 0x00007ffed0709000 	C:\windows\SYSTEM32\WSOCK32.dll
0x00007ffede920000 - 0x00007ffede953000 	C:\windows\SYSTEM32\WINMM.dll
0x00007ffee5b00000 - 0x00007ffee5b6f000 	C:\windows\System32\WS2_32.dll
0x00007ffee2e90000 - 0x00007ffee2ea8000 	C:\windows\SYSTEM32\kernel.appcore.dll
0x00007ffec5dd0000 - 0x00007ffec5dda000 	C:\Program Files\Java\jdk-16.0.1\bin\jimage.dll
0x00007ffee1900000 - 0x00007ffee1b21000 	C:\windows\SYSTEM32\DBGHELP.DLL
0x00007ffed53c0000 - 0x00007ffed53f1000 	C:\windows\SYSTEM32\dbgcore.DLL
0x00007ffee40d0000 - 0x00007ffee414f000 	C:\windows\System32\bcryptPrimitives.dll
0x00007ffea8180000 - 0x00007ffea81bb000 	C:\Program Files\Java\jdk-16.0.1\bin\jdwp.dll
0x00007ffea8150000 - 0x00007ffea8175000 	C:\Program Files\Java\jdk-16.0.1\bin\java.dll

dbghelp: loaded successfully - version: 4.0.5 - missing functions: none
symbol engine: initialized successfully - sym options: 0x614 - pdb path: .;C:\Program Files\Java\jdk-16.0.1\bin;C:\windows\SYSTEM32;C:\Program Files\Avast Software\Avast;C:\windows\WinSxS\amd64_microsoft.windows.common-controls_6595b64144ccf1df_6.0.22000.120_none_9d947278b86cc467;C:\Program Files\Java\jdk-16.0.1\bin\server

VM Arguments:
jvm_args: -agentlib:jdwp=transport=dt_socket,server=n,suspend=y,address=localhost:50768 -XX:+ShowCodeDetailsInExceptionMessages 
java_command: cetus.exec.Driver -alias=2 -Program-analysis ./NPB3.3-SER-C/CG/cg.c
java_class_path (initial): C:\Users\Migue\Desktop\TestNewScript\bashFiles\cetus-1.4.4\class;C:\Users\Migue\Desktop\TestNewScript\bashFiles\cetus-1.4.4\lib\antlr.jar;C:\Users\Migue\Desktop\TestNewScript\bashFiles\cetus-1.4.4\lib\cetus.jar;C:\Users\Migue\Desktop\TestNewScript\bashFiles\cetus-1.4.4\lib\checkstyle.jar;C:\Users\Migue\Desktop\TestNewScript\bashFiles\cetus-1.4.4\lib\hamcrest-core-1.3.jar;C:\Users\Migue\Desktop\TestNewScript\bashFiles\cetus-1.4.4\lib\junit.jar;C:\Users\Migue\Desktop\TestNewScript\bashFiles\cetus-1.4.4\lib\rsyntaxtextarea.jar
Launcher Type: SUN_STANDARD

[Global flags]
     intx CICompilerCount                          = 4                                         {product} {ergonomic}
     uint ConcGCThreads                            = 2                                         {product} {ergonomic}
     uint G1ConcRefinementThreads                  = 8                                         {product} {ergonomic}
   size_t G1HeapRegionSize                         = 2097152                                   {product} {ergonomic}
    uintx GCDrainStackTargetSize                   = 64                                        {product} {ergonomic}
   size_t InitialHeapSize                          = 268435456                                 {product} {ergonomic}
   size_t MarkStackSize                            = 4194304                                   {product} {ergonomic}
   size_t MaxHeapSize                              = 4273995776                                {product} {ergonomic}
   size_t MinHeapDeltaBytes                        = 2097152                                   {product} {ergonomic}
   size_t MinHeapSize                              = 8388608                                   {product} {ergonomic}
    uintx NonNMethodCodeHeapSize                   = 5839372                                {pd product} {ergonomic}
    uintx NonProfiledCodeHeapSize                  = 122909434                              {pd product} {ergonomic}
    uintx ProfiledCodeHeapSize                     = 122909434                              {pd product} {ergonomic}
    uintx ReservedCodeCacheSize                    = 251658240                              {pd product} {ergonomic}
     bool SegmentedCodeCache                       = true                                      {product} {ergonomic}
     bool ShowCodeDetailsInExceptionMessages       = true                                   {manageable} {command line}
   size_t SoftMaxHeapSize                          = 4273995776                             {manageable} {ergonomic}
     bool UseCompressedClassPointers               = true                           {product lp64_product} {ergonomic}
     bool UseCompressedOops                        = true                           {product lp64_product} {ergonomic}
     bool UseG1GC                                  = true                                      {product} {ergonomic}
     bool UseLargePagesIndividualAllocation        = false                                  {pd product} {ergonomic}

Logging:
Log output configuration:
 #0: stdout all=warning uptime,level,tags
 #1: stderr all=off uptime,level,tags

Environment Variables:
PATH=C:\Users\Migue\bin;C:\Program Files\Git\mingw64\bin;C:\Program Files\Git\usr\local\bin;C:\Program Files\Git\usr\bin;C:\Program Files\Git\usr\bin;C:\Program Files\Git\mingw64\bin;C:\Program Files\Git\usr\bin;C:\Users\Migue\bin;C:\Program Files (x86)\VMware\VMware Workstation\bin;C:\Program Files\Common Files\Oracle\Java\javapath;C:\Program Files (x86)\Common Files\Oracle\Java\javapath;C:\Program Files\Java\jdk-13.0.2\bin;C:\windows\system32;C:\windows;C:\windows\System32\Wbem;C:\windows\System32\WindowsPowerShell\v1.0;C:\windows\System32\OpenSSH;C:\Program Files\Git\cmd;C:\Program Files\dotnet;C:\Program Files\nodejs;%MINGW%;C:\Users\Migue\AppData\Local\Microsoft\WindowsApps;C:\Javalib\antlr-4.6.complete.jar;C:\Users\Migue\.dotnet\tools;C:\Users\Migue\AppData\Roaming\npm;C:\MinGW\bin;C:\Users\Migue\AppData\Local\Programs\Microsoft VS Code\bin;C:\Program Files\Git\usr\bin\vendor_perl;C:\Program Files\Git\usr\bin\core_perl
USERNAME=Migue
SHELL=C:\Program Files\Git\usr\bin\bash.exe
DISPLAY=needs-to-be-defined
LANG=es_ES.UTF-8
LC_CTYPE=es_ES.UTF-8
OS=Windows_NT
PROCESSOR_IDENTIFIER=Intel64 Family 6 Model 142 Stepping 10, GenuineIntel



---------------  S Y S T E M  ---------------

OS:
 Windows 10 , 64 bit Build 22000 (10.0.22000.1219)
OS uptime: 3 days 5:36 hours
Hyper-V role detected

CPU: total 8 (initial active 8) (4 cores per cpu, 2 threads per core) family 6 model 142 stepping 10 microcode 0xe0, cx8, cmov, fxsr, ht, mmx, 3dnowpref, sse, sse2, sse3, ssse3, sse4.1, sse4.2, popcnt, lzcnt, tsc, tscinvbit, avx, avx2, aes, erms, clmul, bmi1, bmi2, adx, fma, vzeroupper, clflush, clflushopt, hv

Memory: 4k page, system-wide physical 16300M (4353M free)
TotalPageFile size 18348M (AvailPageFile size 259M)
current process WorkingSet (physical memory assigned to process): 10M, peak: 10M
current process commit charge ("private bytes"): 60M, peak: 316M

vm_info: Java HotSpot(TM) 64-Bit Server VM (16.0.1+9-24) for windows-amd64 JRE (16.0.1+9-24), built on Mar 26 2021 19:31:42 by "mach5one" with MS VC++ 16.7 (VS2019)

END.
